{"timestamp":"2026-03-25T11:00:00Z","level":"INFO","service":"api","message":"Server started on port 8080","response_time":null}
{"timestamp":"2026-03-25T11:00:01Z","level":"INFO","service":"db","message":"Database connection pool initialized (max=20)","response_time":null}
{"timestamp":"2026-03-25T11:00:02Z","level":"INFO","service":"cache","message":"Redis connected at localhost:6379","response_time":null}
{"timestamp":"2026-03-25T11:00:05Z","level":"INFO","service":"api","message":"GET /health 200 OK","response_time":4.2}
{"timestamp":"2026-03-25T11:00:10Z","level":"INFO","service":"api","message":"POST /api/v1/auth/login 200 OK","response_time":82.5}
{"timestamp":"2026-03-25T11:00:12Z","level":"INFO","service":"api","message":"GET /api/v1/users 200 OK","response_time":45.3}
{"timestamp":"2026-03-25T11:00:15Z","level":"DEBUG","service":"db","message":"Query executed: SELECT * FROM sessions WHERE user_id=42","response_time":12.1}
{"timestamp":"2026-03-25T11:00:18Z","level":"INFO","service":"api","message":"GET /api/v1/products 200 OK","response_time":63.7}
{"timestamp":"2026-03-25T11:00:20Z","level":"WARN","service":"cache","message":"Cache miss rate exceeded 30% threshold","response_time":null}
{"timestamp":"2026-03-25T11:00:22Z","level":"INFO","service":"api","message":"POST /api/v1/orders 201 Created","response_time":120.4}
{"timestamp":"2026-03-25T11:00:25Z","level":"DEBUG","service":"db","message":"Transaction committed: order_id=1001","response_time":8.3}
{"timestamp":"2026-03-25T11:00:28Z","level":"INFO","service":"api","message":"GET /api/v1/users/42 200 OK","response_time":31.2}
{"timestamp":"2026-03-25T11:00:30Z","level":"WARN","service":"api","message":"Rate limit approaching for IP 203.0.113.5 (80/100 rps)","response_time":null}
{"timestamp":"2026-03-25T11:00:32Z","level":"ERROR","service":"db","message":"Connection timeout after 5000ms — retrying (1/3)","response_time":5001.0}
{"timestamp":"2026-03-25T11:00:33Z","level":"WARN","service":"db","message":"Retry 1/3 for connection pool slot","response_time":null}
{"timestamp":"2026-03-25T11:00:35Z","level":"ERROR","service":"db","message":"Connection timeout after 5000ms — retrying (2/3)","response_time":5002.0}
{"timestamp":"2026-03-25T11:00:37Z","level":"ERROR","service":"db","message":"Connection timeout after 5000ms — all retries exhausted","response_time":5100.0}
{"timestamp":"2026-03-25T11:00:37Z","level":"ERROR","service":"api","message":"POST /api/v1/orders 500 Internal Server Error — db unavailable","response_time":5205.6}
{"timestamp":"2026-03-25T11:00:38Z","level":"ERROR","service":"api","message":"GET /api/v1/products 500 Internal Server Error — db unavailable","response_time":4998.3}
{"timestamp":"2026-03-25T11:00:39Z","level":"WARN","service":"api","message":"Circuit breaker OPENED for service:db","response_time":null}
{"timestamp":"2026-03-25T11:00:40Z","level":"ERROR","service":"api","message":"GET /api/v1/users 503 Service Unavailable","response_time":1.1}
{"timestamp":"2026-03-25T11:00:41Z","level":"INFO","service":"db","message":"Connection re-established after failover","response_time":null}
{"timestamp":"2026-03-25T11:00:42Z","level":"INFO","service":"api","message":"Circuit breaker CLOSED for service:db","response_time":null}
{"timestamp":"2026-03-25T11:00:45Z","level":"INFO","service":"api","message":"GET /api/v1/users 200 OK","response_time":55.8}
{"timestamp":"2026-03-25T11:00:48Z","level":"INFO","service":"api","message":"POST /api/v1/orders 201 Created","response_time":98.4}
{"timestamp":"2026-03-25T11:01:00Z","level":"INFO","service":"api","message":"GET /api/v1/products 200 OK","response_time":41.2}
{"timestamp":"2026-03-25T11:01:05Z","level":"WARN","service":"cache","message":"Eviction pressure: 92% memory used","response_time":null}
{"timestamp":"2026-03-25T11:01:10Z","level":"INFO","service":"api","message":"GET /api/v1/dashboard 200 OK","response_time":210.0}
{"timestamp":"2026-03-25T11:01:15Z","level":"INFO","service":"db","message":"Slow query detected: SELECT orders JOIN users WHERE created_at > '2026-01-01'","response_time":1850.0}
{"timestamp":"2026-03-25T11:01:15Z","level":"WARN","service":"api","message":"GET /api/v1/reports/monthly 200 OK (slow)","response_time":1920.5}
{"timestamp":"2026-03-25T11:01:20Z","level":"INFO","service":"api","message":"DELETE /api/v1/sessions/expired 200 OK — removed 342 sessions","response_time":305.1}
{"timestamp":"2026-03-25T11:01:25Z","level":"INFO","service":"api","message":"GET /api/v1/metrics 200 OK","response_time":28.6}
{"timestamp":"2026-03-25T11:01:30Z","level":"ERROR","service":"api","message":"POST /api/v1/payments 402 Payment Required — card declined","response_time":430.2}
{"timestamp":"2026-03-25T11:01:32Z","level":"INFO","service":"api","message":"POST /api/v1/payments 200 OK — retry successful","response_time":385.1}
{"timestamp":"2026-03-25T11:01:35Z","level":"DEBUG","service":"cache","message":"Key evicted: session:user:8821 (TTL expired)","response_time":null}
{"timestamp":"2026-03-25T11:01:40Z","level":"INFO","service":"api","message":"GET /api/v1/users 200 OK","response_time":39.4}
{"timestamp":"2026-03-25T11:01:45Z","level":"WARN","service":"api","message":"Unexpected query param 'limit=99999' truncated to 1000","response_time":null}
{"timestamp":"2026-03-25T11:01:50Z","level":"INFO","service":"api","message":"GET /api/v1/products?category=electronics 200 OK","response_time":74.8}
{"timestamp":"2026-03-25T11:02:00Z","level":"INFO","service":"api","message":"POST /api/v1/signup 201 Created","response_time":142.3}
{"timestamp":"2026-03-25T11:02:01Z","level":"INFO","service":"api","message":"POST /api/v1/auth/login 200 OK","response_time":88.2}
{"timestamp":"2026-03-25T11:02:05Z","level":"INFO","service":"api","message":"GET /api/v1/notifications 200 OK","response_time":22.1}
2026-03-25 11:02:10 INFO  [worker-1] Background job started: email_digest
2026-03-25 11:02:11 INFO  [worker-1] Sending digest to 1,204 subscribers
2026-03-25 11:02:15 WARN  [worker-1] SMTP rate limit — throttling to 50/s
2026-03-25 11:02:30 INFO  [worker-1] Background job completed: email_digest (sent=1192, failed=12) in 20.3s
2026-03-25 11:02:31 ERROR [worker-2] Failed to process job id=8821: NullPointerException at PaymentProcessor:line 142
2026-03-25 11:02:32 ERROR [worker-2] Stack trace: com.app.PaymentProcessor.charge(PaymentProcessor.java:142)
Nov 12 11:02:35 web-01 nginx[1234]: error: upstream timed out (110: Connection timed out) while reading response
Nov 12 11:02:35 web-01 nginx[1234]: request: "POST /api/v1/checkout HTTP/1.1" client: 198.51.100.42
{"timestamp":"2026-03-25T11:02:40Z","level":"ERROR","service":"api","message":"POST /api/v1/checkout 504 Gateway Timeout","response_time":30001.0}
{"timestamp":"2026-03-25T11:02:41Z","level":"ERROR","service":"api","message":"POST /api/v1/checkout 504 Gateway Timeout","response_time":30002.0}
{"timestamp":"2026-03-25T11:02:42Z","level":"ERROR","service":"api","message":"POST /api/v1/checkout 504 Gateway Timeout","response_time":29998.0}
{"timestamp":"2026-03-25T11:02:43Z","level":"ERROR","service":"api","message":"POST /api/v1/checkout 504 Gateway Timeout","response_time":30100.0}
{"timestamp":"2026-03-25T11:02:44Z","level":"ERROR","service":"api","message":"POST /api/v1/checkout 504 Gateway Timeout","response_time":30050.0}
{"timestamp":"2026-03-25T11:02:45Z","level":"WARN","service":"api","message":"High error rate detected: 12 errors in last 60s (threshold: 5)","response_time":null}
{"timestamp":"2026-03-25T11:02:50Z","level":"INFO","service":"api","message":"GET /api/v1/health 200 OK","response_time":3.1}
{"timestamp":"2026-03-25T11:03:00Z","level":"INFO","service":"api","message":"GET /api/v1/products 200 OK","response_time":48.9}
{"timestamp":"2026-03-25T11:03:05Z","level":"INFO","service":"api","message":"GET /api/v1/users/profile 200 OK","response_time":56.3}
{"timestamp":"2026-03-25T11:03:10Z","level":"INFO","service":"db","message":"Connection pool healthy: 18/20 slots available","response_time":null}
{"timestamp":"2026-03-25T11:03:15Z","level":"INFO","service":"api","message":"POST /api/v1/orders 201 Created","response_time":105.7}
{"timestamp":"2026-03-25T11:03:20Z","level":"INFO","service":"cache","message":"Cache warming complete: 42,810 keys loaded","response_time":null}
{"timestamp":"2026-03-25T11:03:25Z","level":"DEBUG","service":"db","message":"Index scan: products_category_idx (rows=8420)","response_time":6.7}
{"timestamp":"2026-03-25T11:03:30Z","level":"INFO","service":"api","message":"GET /api/v1/search?q=laptop 200 OK","response_time":88.1}
{"timestamp":"2026-03-25T11:03:35Z","level":"WARN","service":"api","message":"Deprecated endpoint /api/v1/items called — use /api/v1/products","response_time":null}
{"timestamp":"2026-03-25T11:03:40Z","level":"INFO","service":"api","message":"GET /api/v1/items 301 Moved Permanently","response_time":2.0}
{"timestamp":"2026-03-25T11:03:45Z","level":"ERROR","service":"api","message":"PUT /api/v1/users/0 400 Bad Request — invalid user id","response_time":5.2}
{"timestamp":"2026-03-25T11:03:50Z","level":"INFO","service":"api","message":"GET /api/v1/orders?page=1 200 OK","response_time":67.4}
{"timestamp":"2026-03-25T11:04:00Z","level":"INFO","service":"api","message":"Server graceful shutdown initiated","response_time":null}
{"timestamp":"2026-03-25T11:04:01Z","level":"INFO","service":"api","message":"Waiting for 3 in-flight requests to finish","response_time":null}
{"timestamp":"2026-03-25T11:04:03Z","level":"INFO","service":"db","message":"Connection pool closed cleanly","response_time":null}
{"timestamp":"2026-03-25T11:04:04Z","level":"INFO","service":"cache","message":"Redis connection closed","response_time":null}
{"timestamp":"2026-03-25T11:04:05Z","level":"INFO","service":"api","message":"Server shutdown complete. Uptime: 244s","response_time":null}
